Host 0 -- ip 10.100.10.75 -- ranks 0 - 31

 host | 0
======|======
    0 : SHM

 Prot -  All Intra-node communication is: SHM



PROCESS #16
size, rank: 32 16
numsamples: 1000000000
numtogen, rank: 31250000 16


PROCESS #14
size, rank: 32 14
numsamples: 1000000000
numtogen, rank: 31250000 14


PROCESS #0
size, rank: 32 0
numsamples: 1000000000
numtogen, rank: 31250000 0


PROCESS #28
size, rank: 32 28
numsamples: 1000000000
numtogen, rank: 31250000 28


PROCESS #7
size, rank: 32 7
numsamples: 1000000000
numtogen, rank: 31250000 7




PROCESS #21
size, rank: 32 21
numsamples: 1000000000
numtogen, rank: 31250000 21


PROCESS #9
size, rank: 32 9
numsamples: 1000000000
numtogen, rank: 31250000 9
PROCESS #18
size, rank: 32 18


PROCESS #13
size, rank: 32 13
numsamples: 1000000000
numtogen, rank: 31250000 13
numsamples: 1000000000
numtogen, rank: 31250000 18


PROCESS #23
size, rank: 32 23
numsamples: 1000000000
numtogen, rank: 31250000 23


PROCESS #15
size, rank: 32 15
numsamples: 1000000000
numtogen, rank: 31250000 15


PROCESS #10
size, rank: 32 10
numsamples: 1000000000
numtogen, rank: 31250000 10
metric loaded,  0.00000026442520166485695283390679330842699436035271077537751687797308628570997823094411586264367181909957766694206395056932664045878865675854118834608079797391406399852387142303574325546677000274347735784037
Using min box size, is 1


PROCESS #30
size, rank: 32 30
numsamples: 1000000000
numtogen, rank: 31250000 30



PROCESS #17
size, rank: 32 17
numsamples: 1000000000
numtogen, rank: 31250000 17


PROCESS #3
size, rank: 32 3
numsamples: 1000000000
numtogen, rank: 31250000 3


PROCESS #4
size, rank: 32 4
numsamples: 1000000000
numtogen, rank: 31250000 4


PROCESS #29
size, rank: 32 29
numsamples: 1000000000
numtogen, rank: 31250000 29


PROCESS #19
size, rank: 32 19
numsamples: 1000000000


PROCESS #5
size, rank: 32 5
numsamples: 1000000000
numtogen, rank: 31250000 5
numtogen, rank: 31250000 19


PROCESS #12
size, rank: 32 12
numsamples: 1000000000
numtogen, rank: 31250000 12

PROCESS #22
size, rank: 32 22


PROCESS #6
size, rank: 32 6
numsamples: 1000000000
numtogen, rank: 31250000 6


PROCESS #2
size, rank: 32 2
numsamples: 1000000000
numtogen, rank: 31250000 2


PROCESS #26
size, rank: 32 26
numsamples: 1000000000
numtogen, rank: 31250000 26


PROCESS #31
size, rank: 32 31
numsamples: 1000000000
numtogen, rank: 31250000 31


PROCESS #24
size, rank: 32 24
numsamples: 1000000000
numtogen, rank: 31250000 24


PROCESS #1
size, rank: 32 1
numsamples: 1000000000
numtogen, rank: 31250000 1


PROCESS #8
size, rank: 32 8
numsamples: 1000000000
numtogen, rank: 31250000 8


PROCESS #20
size, rank: 32 20
numsamples: 1000000000
numtogen, rank: 31250000 20
metric loaded,  0.00000026442520166485695283390679330842699436035271077537751687797308628570997823094411586264367181909957766694206395056932664045878865675854118834608079797391406399852387142303574325546677000274347735784037
Using min box size, is 1
metric loaded,  0.00000026442520166485695283390679330842699436035271077537751687797308628570997823094411586264367181909957766694206395056932664045878865675854118834608079797391406399852387142303574325546677000274347735784037
Using min box size, is 1
numsamples: 1000000000
numtogen, rank: 31250000 22
metric loaded,  0.00000026442520166485695283390679330842699436035271077537751687797308628570997823094411586264367181909957766694206395056932664045878865675854118834608079797391406399852387142303574325546677000274347735784037
Using min box size, is 1


PROCESS #11
size, rank: 32 11
numsamples: 1000000000
numtogen, rank: 31250000 11
metric loaded,  0.00000026442520166485695283390679330842699436035271077537751687797308628570997823094411586264367181909957766694206395056932664045878865675854118834608079797391406399852387142303574325546677000274347735784037
Using min box size, is 1
metric loaded,  0.00000026442520166485695283390679330842699436035271077537751687797308628570997823094411586264367181909957766694206395056932664045878865675854118834608079797391406399852387142303574325546677000274347735784037
Using min box size, is 1
metric loaded,  0.00000026442520166485695283390679330842699436035271077537751687797308628570997823094411586264367181909957766694206395056932664045878865675854118834608079797391406399852387142303574325546677000274347735784037
Using min box size, is 1


PROCESS #25
size, rank: 32 25


PROCESS #27
size, rank: 32 27
numsamples: 1000000000
numtogen, rank: 31250000 27
numsamples: 1000000000
numtogen, rank: 31250000 25
metric loaded,  0.00000026442520166485695283390679330842699436035271077537751687797308628570997823094411586264367181909957766694206395056932664045878865675854118834608079797391406399852387142303574325546677000274347735784037
Using min box size, is 1
metric loaded,  0.00000026442520166485695283390679330842699436035271077537751687797308628570997823094411586264367181909957766694206395056932664045878865675854118834608079797391406399852387142303574325546677000274347735784037
metric loaded,  0.00000026442520166485695283390679330842699436035271077537751687797308628570997823094411586264367181909957766694206395056932664045878865675854118834608079797391406399852387142303574325546677000274347735784037
Using min box size, is 1
metric loaded,  0.00000026442520166485695283390679330842699436035271077537751687797308628570997823094411586264367181909957766694206395056932664045878865675854118834608079797391406399852387142303574325546677000274347735784037
Using min box size, is 1
metric loaded,  0.00000026442520166485695283390679330842699436035271077537751687797308628570997823094411586264367181909957766694206395056932664045878865675854118834608079797391406399852387142303574325546677000274347735784037
Using min box size, is 1
Using min box size, is 1
metric loaded,  0.00000026442520166485695283390679330842699436035271077537751687797308628570997823094411586264367181909957766694206395056932664045878865675854118834608079797391406399852387142303574325546677000274347735784037
metric loaded,  0.00000026442520166485695283390679330842699436035271077537751687797308628570997823094411586264367181909957766694206395056932664045878865675854118834608079797391406399852387142303574325546677000274347735784037
Using min box size, is 1
Using min box size, is 1
metric loaded,  0.00000026442520166485695283390679330842699436035271077537751687797308628570997823094411586264367181909957766694206395056932664045878865675854118834608079797391406399852387142303574325546677000274347735784037
metric loaded,  0.00000026442520166485695283390679330842699436035271077537751687797308628570997823094411586264367181909957766694206395056932664045878865675854118834608079797391406399852387142303574325546677000274347735784037
Using min box size, is 1
metric loaded,  0.00000026442520166485695283390679330842699436035271077537751687797308628570997823094411586264367181909957766694206395056932664045878865675854118834608079797391406399852387142303574325546677000274347735784037
Using min box size, is 1
metric loaded,  0.00000026442520166485695283390679330842699436035271077537751687797308628570997823094411586264367181909957766694206395056932664045878865675854118834608079797391406399852387142303574325546677000274347735784037
Using min box size, is 1
metric loaded,  0.00000026442520166485695283390679330842699436035271077537751687797308628570997823094411586264367181909957766694206395056932664045878865675854118834608079797391406399852387142303574325546677000274347735784037
Using min box size, is 1
Using min box size, is 1
metric loaded,  0.00000026442520166485695283390679330842699436035271077537751687797308628570997823094411586264367181909957766694206395056932664045878865675854118834608079797391406399852387142303574325546677000274347735784037
Using min box size, is 1
metric loaded,  0.00000026442520166485695283390679330842699436035271077537751687797308628570997823094411586264367181909957766694206395056932664045878865675854118834608079797391406399852387142303574325546677000274347735784037
Using min box size, is 1
metric loaded,  0.00000026442520166485695283390679330842699436035271077537751687797308628570997823094411586264367181909957766694206395056932664045878865675854118834608079797391406399852387142303574325546677000274347735784037
Using min box size, is 1
metric loaded,  0.00000026442520166485695283390679330842699436035271077537751687797308628570997823094411586264367181909957766694206395056932664045878865675854118834608079797391406399852387142303574325546677000274347735784037
Using min box size, is 1
metric loaded,  0.00000026442520166485695283390679330842699436035271077537751687797308628570997823094411586264367181909957766694206395056932664045878865675854118834608079797391406399852387142303574325546677000274347735784037
Using min box size, is 1
metric loaded,  0.00000026442520166485695283390679330842699436035271077537751687797308628570997823094411586264367181909957766694206395056932664045878865675854118834608079797391406399852387142303574325546677000274347735784037
Using min box size, is 1
metric loaded,  0.00000026442520166485695283390679330842699436035271077537751687797308628570997823094411586264367181909957766694206395056932664045878865675854118834608079797391406399852387142303574325546677000274347735784037
Using min box size, is 1
metric loaded,  0.00000026442520166485695283390679330842699436035271077537751687797308628570997823094411586264367181909957766694206395056932664045878865675854118834608079797391406399852387142303574325546677000274347735784037
Using min box size, is 1
metric loaded,  0.00000026442520166485695283390679330842699436035271077537751687797308628570997823094411586264367181909957766694206395056932664045878865675854118834608079797391406399852387142303574325546677000274347735784037
Using min box size, is 1
metric loaded,  0.00000026442520166485695283390679330842699436035271077537751687797308628570997823094411586264367181909957766694206395056932664045878865675854118834608079797391406399852387142303574325546677000274347735784037
Using min box size, is 1
metric loaded,  0.00000026442520166485695283390679330842699436035271077537751687797308628570997823094411586264367181909957766694206395056932664045878865675854118834608079797391406399852387142303574325546677000274347735784037
Using min box size, is 1
metric loaded,  0.00000026442520166485695283390679330842699436035271077537751687797308628570997823094411586264367181909957766694206395056932664045878865675854118834608079797391406399852387142303574325546677000274347735784037
Using min box size, is 1
metric loaded,  0.00000026442520166485695283390679330842699436035271077537751687797308628570997823094411586264367181909957766694206395056932664045878865675854118834608079797391406399852387142303574325546677000274347735784037
Using min box size, is 1
